Using pre-set license
Built from '2022.3/staging' branch; Version is '2022.3.11f1 (d00248457e15) revision 13632072'; Using compiler version '192829333'; Build Type 'Release'
OS: 'Windows 10  (10.0.19045) 64bit Professional' Language: 'en' Physical Memory: 16310 MB
BatchMode: 1, IsHumanControllingUs: 0, StartBugReporterOnCrash: 0, Is64bit: 1, IsPro: 1

COMMAND LINE ARGUMENTS:
C:\Program Files\Unity\Hub\Editor\2022.3.11f1\Editor\Unity.exe
-adb2
-batchMode
-noUpm
-name
AssetImportWorker1
-projectPath
C:/Users/The_ITshark/Documents/GitHub/CS425-Senior-Project/VRcade Suite
-logFile
Logs/AssetImportWorker1.log
-srvPort
53014
Successfully changed project path to: C:/Users/The_ITshark/Documents/GitHub/CS425-Senior-Project/VRcade Suite
C:/Users/The_ITshark/Documents/GitHub/CS425-Senior-Project/VRcade Suite
[UnityMemory] Configuration Parameters - Can be set up in boot.config
    "memorysetup-bucket-allocator-granularity=16"
    "memorysetup-bucket-allocator-bucket-count=8"
    "memorysetup-bucket-allocator-block-size=33554432"
    "memorysetup-bucket-allocator-block-count=8"
    "memorysetup-main-allocator-block-size=16777216"
    "memorysetup-thread-allocator-block-size=16777216"
    "memorysetup-gfx-main-allocator-block-size=16777216"
    "memorysetup-gfx-thread-allocator-block-size=16777216"
    "memorysetup-cache-allocator-block-size=4194304"
    "memorysetup-typetree-allocator-block-size=2097152"
    "memorysetup-profiler-bucket-allocator-granularity=16"
    "memorysetup-profiler-bucket-allocator-bucket-count=8"
    "memorysetup-profiler-bucket-allocator-block-size=33554432"
    "memorysetup-profiler-bucket-allocator-block-count=8"
    "memorysetup-profiler-allocator-block-size=16777216"
    "memorysetup-profiler-editor-allocator-block-size=1048576"
    "memorysetup-temp-allocator-size-main=16777216"
    "memorysetup-job-temp-allocator-block-size=2097152"
    "memorysetup-job-temp-allocator-block-size-background=1048576"
    "memorysetup-job-temp-allocator-reduction-small-platforms=262144"
    "memorysetup-allocator-temp-initial-block-size-main=262144"
    "memorysetup-allocator-temp-initial-block-size-worker=262144"
    "memorysetup-temp-allocator-size-background-worker=32768"
    "memorysetup-temp-allocator-size-job-worker=262144"
    "memorysetup-temp-allocator-size-preload-manager=33554432"
    "memorysetup-temp-allocator-size-nav-mesh-worker=65536"
    "memorysetup-temp-allocator-size-audio-worker=65536"
    "memorysetup-temp-allocator-size-cloud-worker=32768"
    "memorysetup-temp-allocator-size-gi-baking-worker=262144"
    "memorysetup-temp-allocator-size-gfx=262144"
Player connection [18292] Host "[IP] 207.197.50.75 [Port] 0 [Flags] 2 [Guid] 2397772188 [EditorId] 2397772188 [Version] 1048832 [Id] WindowsEditor(7,DESKTOP-L73IB2D) [Debug] 1 [PackageName] WindowsEditor [ProjectName] Editor" joined multi-casting on [225.0.0.222:54997]...

Player connection [18292] Host "[IP] 207.197.50.75 [Port] 0 [Flags] 2 [Guid] 2397772188 [EditorId] 2397772188 [Version] 1048832 [Id] WindowsEditor(7,DESKTOP-L73IB2D) [Debug] 1 [PackageName] WindowsEditor [ProjectName] Editor" joined alternative multi-casting on [225.0.0.222:34997]...

[Physics::Module] Initialized MultithreadedJobDispatcher with 15 workers.
Refreshing native plugins compatible for Editor in 62.79 ms, found 4 plugins.
Preloading 0 native plugins for Editor in 0.00 ms.
Initialize engine version: 2022.3.11f1 (d00248457e15)
[Subsystems] Discovering subsystems at path C:/Program Files/Unity/Hub/Editor/2022.3.11f1/Editor/Data/Resources/UnitySubsystems
[Subsystems] Discovering subsystems at path C:/Users/The_ITshark/Documents/GitHub/CS425-Senior-Project/VRcade Suite/Assets
GfxDevice: creating device client; threaded=0; jobified=0
Direct3D:
    Version:  Direct3D 11.0 [level 11.1]
    Renderer: NVIDIA GeForce RTX 4070 (ID=0x2786)
    Vendor:   NVIDIA
    VRAM:     12026 MB
    Driver:   31.0.15.4617
Initialize mono
Mono path[0] = 'C:/Program Files/Unity/Hub/Editor/2022.3.11f1/Editor/Data/Managed'
Mono path[1] = 'C:/Program Files/Unity/Hub/Editor/2022.3.11f1/Editor/Data/MonoBleedingEdge/lib/mono/unityjit-win32'
Mono config path = 'C:/Program Files/Unity/Hub/Editor/2022.3.11f1/Editor/Data/MonoBleedingEdge/etc'
Using monoOptions --debugger-agent=transport=dt_socket,embedding=1,server=y,suspend=n,address=127.0.0.1:56864
Begin MonoManager ReloadAssembly
Registering precompiled unity dll's ...
Register platform support module: C:/Program Files/Unity/Hub/Editor/2022.3.11f1/Editor/Data/PlaybackEngines/WindowsStandaloneSupport/UnityEditor.WindowsStandalone.Extensions.dll
Registered in 0.031080 seconds.
- Loaded All Assemblies, in  0.413 seconds
Native extension for WindowsStandalone target not found
Mono: successfully reloaded assembly
- Finished resetting the current domain, in  0.223 seconds
Domain Reload Profiling: 628ms
	BeginReloadAssembly (156ms)
		ExecutionOrderSort (0ms)
		DisableScriptedObjects (0ms)
		BackupInstance (0ms)
		ReleaseScriptingObjects (0ms)
		CreateAndSetChildDomain (1ms)
	RebuildCommonClasses (31ms)
	RebuildNativeTypeToScriptingClass (7ms)
	initialDomainReloadingComplete (96ms)
	LoadAllAssembliesAndSetupDomain (113ms)
		LoadAssemblies (149ms)
		RebuildTransferFunctionScriptingTraits (0ms)
		AnalyzeDomain (111ms)
			TypeCache.Refresh (110ms)
				TypeCache.ScanAssembly (96ms)
			ScanForSourceGeneratedMonoScriptInfo (0ms)
			ResolveRequiredComponents (0ms)
	FinalizeReload (224ms)
		ReleaseScriptCaches (0ms)
		RebuildScriptCaches (0ms)
		SetupLoadedEditorAssemblies (176ms)
			LogAssemblyErrors (0ms)
			InitializePlatformSupportModulesInManaged (15ms)
			SetLoadedEditorAssemblies (6ms)
			RefreshPlugins (0ms)
			BeforeProcessingInitializeOnLoad (2ms)
			ProcessInitializeOnLoadAttributes (103ms)
			ProcessInitializeOnLoadMethodAttributes (50ms)
			AfterProcessingInitializeOnLoad (0ms)
			EditorAssembliesLoaded (0ms)
		ExecutionOrderSort2 (0ms)
		AwakeInstancesAfterBackupRestoration (0ms)
========================================================================
Worker process is ready to serve import requests
Begin MonoManager ReloadAssembly
- Loaded All Assemblies, in  0.941 seconds
Refreshing native plugins compatible for Editor in 13.47 ms, found 4 plugins.
Native extension for WindowsStandalone target not found
Package Manager log level set to [2]
[Package Manager] Server::EnsureServerProcessIsRunning -- launch failed, reason: Unity was launched with the -noUpm command-line argument
[Package Manager] UpmClient::Send -- Unable to send message (not connected to UPM process).
[Package Manager] Cannot connect to Unity Package Manager local server
Mono: successfully reloaded assembly
- Finished resetting the current domain, in  0.563 seconds
Domain Reload Profiling: 1488ms
	BeginReloadAssembly (191ms)
		ExecutionOrderSort (0ms)
		DisableScriptedObjects (5ms)
		BackupInstance (0ms)
		ReleaseScriptingObjects (0ms)
		CreateAndSetChildDomain (17ms)
	RebuildCommonClasses (29ms)
	RebuildNativeTypeToScriptingClass (8ms)
	initialDomainReloadingComplete (66ms)
	LoadAllAssembliesAndSetupDomain (631ms)
		LoadAssemblies (592ms)
		RebuildTransferFunctionScriptingTraits (0ms)
		AnalyzeDomain (173ms)
			TypeCache.Refresh (153ms)
				TypeCache.ScanAssembly (137ms)
			ScanForSourceGeneratedMonoScriptInfo (15ms)
			ResolveRequiredComponents (4ms)
	FinalizeReload (564ms)
		ReleaseScriptCaches (0ms)
		RebuildScriptCaches (0ms)
		SetupLoadedEditorAssemblies (448ms)
			LogAssemblyErrors (0ms)
			InitializePlatformSupportModulesInManaged (13ms)
			SetLoadedEditorAssemblies (3ms)
			RefreshPlugins (0ms)
			BeforeProcessingInitializeOnLoad (115ms)
			ProcessInitializeOnLoadAttributes (270ms)
			ProcessInitializeOnLoadMethodAttributes (20ms)
			AfterProcessingInitializeOnLoad (27ms)
			EditorAssembliesLoaded (0ms)
		ExecutionOrderSort2 (0ms)
		AwakeInstancesAfterBackupRestoration (6ms)
Failed to load shader (instanceID 456, GUID 67f9497810829eb4791ec19e95781e51)
Failed to load shader (instanceID 458, GUID f997a3dc9254c44459323cced085150c)
Failed to load shader (instanceID 420, GUID e8ce9961912f3214586fe8709b9012c1)
Failed to load shader (instanceID 438, GUID 382151503e2a43a4ebb7366d1632731d)
Failed to load shader (instanceID 444, GUID f7ea35cfb33fcad4ab8f2429ec103bef)
Failed to load shader (instanceID 454, GUID d7640629310e79646af0f46eb55ae466)
Failed to load shader (instanceID 446, GUID 3020ac7ece79a7f4eb789a236f8bd6c5)
Failed to load shader (instanceID 464, GUID 5bb6ef6f3e1b20348b4fdb01e4c404e2)
Failed to load shader (instanceID 468, GUID 3230fdc399f8287488325e5941a00527)
Failed to load shader (instanceID 460, GUID fe144c7e314047f4bb779d555c5405ac)
Failed to load shader (instanceID 436, GUID 34a819c9e33402547a81619693adc8d5)
Failed to load shader (instanceID 426, GUID f75014305794b3948a3c6d5ccd550e05)
Failed to load shader (instanceID 418, GUID 02d2da9bc88d25c4d878c1ed4e0b3854)
Failed to load shader (instanceID 450, GUID b958ad1c92bd3d64c9e61318b8681dab)
Failed to load shader (instanceID 466, GUID 0a8f4dcd626bcd14bbbfa5a5e116b16e)
Failed to load shader (instanceID 470, GUID 7cbb3655339ec401ca75ba5fe26884f4)
Failed to load shader (instanceID 442, GUID b34a29e523cb9d545881e193a079f2df)
Failed to load shader (instanceID 440, GUID 7ad194cbe7d006f4bace915156972026)
Failed to load shader (instanceID 472, GUID bedd19944f451ba4d83e7ed69be98d5c)
Failed to load shader (instanceID 428, GUID 0d8afcb51cc9f0349a6d190da929b838)
Failed to load shader (instanceID 430, GUID 2c459b89a7c8b1a4fbefe0d81341651c)
Failed to load shader (instanceID 424, GUID 0ef78d24e85a44f4da9d5b5eaa00e50b)
Failed to load shader (instanceID 422, GUID 5ab0816423f0dfe45841cab3b05ec9ef)
Failed to load shader (instanceID 414, GUID cdbdb71de5f9c454b980f6d0e87f0afb)
Failed to load shader (instanceID 416, GUID 4bf4cff0d0bac3d43894e2e8839feb40)
Failed to load shader (instanceID 434, GUID 81af42a93ade3dd46a9b583d4eec76d6)
Failed to load shader (instanceID 448, GUID a71093f2a4fe26a40805c22739e10e4a)
Failed to load shader (instanceID 412, GUID c1e1d3119c6fd4646aea0b4b74cacc1a)
Failed to load shader (instanceID 452, GUID 4117fce9491711c4094d33a048e36e73)
Failed to load shader (instanceID 462, GUID de7f3ac52268a194383c7d62c2a343c1)
Failed to load shader (instanceID 432, GUID 51bcf79c50dc92e47ba87821b61100c3)
Launched and connected shader compiler UnityShaderCompiler.exe after 0.06 seconds
Refreshing native plugins compatible for Editor in 21.41 ms, found 4 plugins.
Preloading 0 native plugins for Editor in 0.00 ms.
Unloading 3147 Unused Serialized files (Serialized files now loaded: 0)
Unloading 32 unused Assets / (57.1 KB). Loaded Objects now: 3636.
Memory consumption went from 141.5 MB to 141.5 MB.
Total: 3.146100 ms (FindLiveObjects: 0.281900 ms CreateObjectMapping: 0.107100 ms MarkObjects: 2.651900 ms  DeleteObjects: 0.104400 ms)

AssetImportParameters requested are different than current active one (requested -> active):
  custom:container-demuxer-ogg: 62fdf1f143b41e24485cea50d1cbac27 -> 
  custom:video-decoder-ogg-theora: a1e56fd34408186e4bbccfd4996cb3dc -> 
  custom:framework-win-MediaFoundation: 216162199b28c13a410421893ffa2e32 -> 
  custom:CustomObjectIndexerAttribute: 756ad292c208cfabdd7b50bc23989ffe -> 
  custom:container-demuxer-webm: 4f35f7cbe854078d1ac9338744f61a02 -> 
  custom:container-muxer-webm: aa71ff27fc2769a1b78a27578f13a17b -> 
  custom:video-decoder-webm-vp8: 9c59270c3fd7afecdb556c50c9e8de78 -> 
  custom:SearchIndexIgnoredProperties: e643bd26f0fe6173181afceb89e7c659 -> 
  custom:AudioImporter_EditorPlatform: d09bf68614088b80899f8185d706f6e7 -> 
  custom:video-encoder-webm-vp8: eb34c28f22e8b96e1ab97ce403110664 -> 
  custom:audio-decoder-ogg-vorbis: bf7c407c2cedff20999df2af8eb42d56 -> 
  custom:audio-encoder-webm-vorbis: bf7c407c2cedff20999df2af8eb42d56 -> 
========================================================================
Received Prepare
Begin MonoManager ReloadAssembly
- Loaded All Assemblies, in  2.056 seconds
Refreshing native plugins compatible for Editor in 14.45 ms, found 4 plugins.
Native extension for WindowsStandalone target not found
[Package Manager] Server::EnsureServerProcessIsRunning -- launch failed, reason: Unity was launched with the -noUpm command-line argument
[Package Manager] UpmClient::Send -- Unable to send message (not connected to UPM process).
[Package Manager] Cannot connect to Unity Package Manager local server
Mono: successfully reloaded assembly
- Finished resetting the current domain, in  0.610 seconds
Domain Reload Profiling: 2650ms
	BeginReloadAssembly (1468ms)
		ExecutionOrderSort (0ms)
		DisableScriptedObjects (1243ms)
		BackupInstance (0ms)
		ReleaseScriptingObjects (0ms)
		CreateAndSetChildDomain (35ms)
	RebuildCommonClasses (37ms)
	RebuildNativeTypeToScriptingClass (10ms)
	initialDomainReloadingComplete (61ms)
	LoadAllAssembliesAndSetupDomain (464ms)
		LoadAssemblies (590ms)
		RebuildTransferFunctionScriptingTraits (0ms)
		AnalyzeDomain (15ms)
			TypeCache.Refresh (8ms)
				TypeCache.ScanAssembly (0ms)
			ScanForSourceGeneratedMonoScriptInfo (0ms)
			ResolveRequiredComponents (5ms)
	FinalizeReload (611ms)
		ReleaseScriptCaches (0ms)
		RebuildScriptCaches (0ms)
		SetupLoadedEditorAssemblies (461ms)
			LogAssemblyErrors (0ms)
			InitializePlatformSupportModulesInManaged (15ms)
			SetLoadedEditorAssemblies (4ms)
			RefreshPlugins (0ms)
			BeforeProcessingInitializeOnLoad (123ms)
			ProcessInitializeOnLoadAttributes (269ms)
			ProcessInitializeOnLoadMethodAttributes (20ms)
			AfterProcessingInitializeOnLoad (30ms)
			EditorAssembliesLoaded (0ms)
		ExecutionOrderSort2 (0ms)
		AwakeInstancesAfterBackupRestoration (11ms)
Failed to load shader (instanceID 456, GUID 67f9497810829eb4791ec19e95781e51)
Failed to load shader (instanceID 458, GUID f997a3dc9254c44459323cced085150c)
Failed to load shader (instanceID 420, GUID e8ce9961912f3214586fe8709b9012c1)
Failed to load shader (instanceID 438, GUID 382151503e2a43a4ebb7366d1632731d)
Failed to load shader (instanceID 444, GUID f7ea35cfb33fcad4ab8f2429ec103bef)
Failed to load shader (instanceID 454, GUID d7640629310e79646af0f46eb55ae466)
Failed to load shader (instanceID 446, GUID 3020ac7ece79a7f4eb789a236f8bd6c5)
Failed to load shader (instanceID 464, GUID 5bb6ef6f3e1b20348b4fdb01e4c404e2)
Failed to load shader (instanceID 468, GUID 3230fdc399f8287488325e5941a00527)
Failed to load shader (instanceID 460, GUID fe144c7e314047f4bb779d555c5405ac)
Failed to load shader (instanceID 436, GUID 34a819c9e33402547a81619693adc8d5)
Failed to load shader (instanceID 426, GUID f75014305794b3948a3c6d5ccd550e05)
Failed to load shader (instanceID 418, GUID 02d2da9bc88d25c4d878c1ed4e0b3854)
Failed to load shader (instanceID 450, GUID b958ad1c92bd3d64c9e61318b8681dab)
Failed to load shader (instanceID 466, GUID 0a8f4dcd626bcd14bbbfa5a5e116b16e)
Failed to load shader (instanceID 470, GUID 7cbb3655339ec401ca75ba5fe26884f4)
Failed to load shader (instanceID 442, GUID b34a29e523cb9d545881e193a079f2df)
Failed to load shader (instanceID 440, GUID 7ad194cbe7d006f4bace915156972026)
Failed to load shader (instanceID 472, GUID bedd19944f451ba4d83e7ed69be98d5c)
Failed to load shader (instanceID 428, GUID 0d8afcb51cc9f0349a6d190da929b838)
Failed to load shader (instanceID 430, GUID 2c459b89a7c8b1a4fbefe0d81341651c)
Failed to load shader (instanceID 424, GUID 0ef78d24e85a44f4da9d5b5eaa00e50b)
Failed to load shader (instanceID 422, GUID 5ab0816423f0dfe45841cab3b05ec9ef)
Failed to load shader (instanceID 414, GUID cdbdb71de5f9c454b980f6d0e87f0afb)
Failed to load shader (instanceID 416, GUID 4bf4cff0d0bac3d43894e2e8839feb40)
Failed to load shader (instanceID 434, GUID 81af42a93ade3dd46a9b583d4eec76d6)
Failed to load shader (instanceID 448, GUID a71093f2a4fe26a40805c22739e10e4a)
Failed to load shader (instanceID 412, GUID c1e1d3119c6fd4646aea0b4b74cacc1a)
Failed to load shader (instanceID 452, GUID 4117fce9491711c4094d33a048e36e73)
Failed to load shader (instanceID 462, GUID de7f3ac52268a194383c7d62c2a343c1)
Failed to load shader (instanceID 432, GUID 51bcf79c50dc92e47ba87821b61100c3)
Refreshing native plugins compatible for Editor in 14.52 ms, found 4 plugins.
Preloading 0 native plugins for Editor in 0.00 ms.
Unloading 3127 Unused Serialized files (Serialized files now loaded: 0)
Unloading 23 unused Assets / (31.2 KB). Loaded Objects now: 3641.
Memory consumption went from 138.6 MB to 138.6 MB.
Total: 2.792300 ms (FindLiveObjects: 0.198600 ms CreateObjectMapping: 0.103700 ms MarkObjects: 2.451000 ms  DeleteObjects: 0.038600 ms)

Prepare: number of updated asset objects reloaded= 0
AssetImportParameters requested are different than current active one (requested -> active):
  custom:container-demuxer-ogg: 62fdf1f143b41e24485cea50d1cbac27 -> 
  custom:video-decoder-ogg-theora: a1e56fd34408186e4bbccfd4996cb3dc -> 
  custom:framework-win-MediaFoundation: 216162199b28c13a410421893ffa2e32 -> 
  custom:CustomObjectIndexerAttribute: 756ad292c208cfabdd7b50bc23989ffe -> 
  custom:container-demuxer-webm: 4f35f7cbe854078d1ac9338744f61a02 -> 
  custom:container-muxer-webm: aa71ff27fc2769a1b78a27578f13a17b -> 
  custom:video-decoder-webm-vp8: 9c59270c3fd7afecdb556c50c9e8de78 -> 
  custom:SearchIndexIgnoredProperties: e643bd26f0fe6173181afceb89e7c659 -> 
  custom:AudioImporter_EditorPlatform: d09bf68614088b80899f8185d706f6e7 -> 
  custom:video-encoder-webm-vp8: eb34c28f22e8b96e1ab97ce403110664 -> 
  custom:audio-decoder-ogg-vorbis: bf7c407c2cedff20999df2af8eb42d56 -> 
  custom:audio-encoder-webm-vorbis: bf7c407c2cedff20999df2af8eb42d56 -> 
========================================================================
Received Prepare
Begin MonoManager ReloadAssembly
- Loaded All Assemblies, in  0.830 seconds
Refreshing native plugins compatible for Editor in 14.52 ms, found 4 plugins.
Native extension for WindowsStandalone target not found
[Package Manager] Server::EnsureServerProcessIsRunning -- launch failed, reason: Unity was launched with the -noUpm command-line argument
[Package Manager] UpmClient::Send -- Unable to send message (not connected to UPM process).
[Package Manager] Cannot connect to Unity Package Manager local server
Mono: successfully reloaded assembly
- Finished resetting the current domain, in  1.859 seconds
Domain Reload Profiling: 2670ms
	BeginReloadAssembly (229ms)
		ExecutionOrderSort (0ms)
		DisableScriptedObjects (10ms)
		BackupInstance (0ms)
		ReleaseScriptingObjects (0ms)
		CreateAndSetChildDomain (40ms)
	RebuildCommonClasses (31ms)
	RebuildNativeTypeToScriptingClass (8ms)
	initialDomainReloadingComplete (59ms)
	LoadAllAssembliesAndSetupDomain (483ms)
		LoadAssemblies (603ms)
		RebuildTransferFunctionScriptingTraits (0ms)
		AnalyzeDomain (14ms)
			TypeCache.Refresh (8ms)
				TypeCache.ScanAssembly (0ms)
			ScanForSourceGeneratedMonoScriptInfo (0ms)
			ResolveRequiredComponents (4ms)
	FinalizeReload (1860ms)
		ReleaseScriptCaches (0ms)
		RebuildScriptCaches (0ms)
		SetupLoadedEditorAssemblies (455ms)
			LogAssemblyErrors (0ms)
			InitializePlatformSupportModulesInManaged (15ms)
			SetLoadedEditorAssemblies (5ms)
			RefreshPlugins (0ms)
			BeforeProcessingInitializeOnLoad (134ms)
			ProcessInitializeOnLoadAttributes (246ms)
			ProcessInitializeOnLoadMethodAttributes (24ms)
			AfterProcessingInitializeOnLoad (31ms)
			EditorAssembliesLoaded (0ms)
		ExecutionOrderSort2 (0ms)
		AwakeInstancesAfterBackupRestoration (13ms)
Failed to load shader (instanceID 456, GUID 67f9497810829eb4791ec19e95781e51)
Failed to load shader (instanceID 458, GUID f997a3dc9254c44459323cced085150c)
Failed to load shader (instanceID 420, GUID e8ce9961912f3214586fe8709b9012c1)
Failed to load shader (instanceID 438, GUID 382151503e2a43a4ebb7366d1632731d)
Failed to load shader (instanceID 444, GUID f7ea35cfb33fcad4ab8f2429ec103bef)
Failed to load shader (instanceID 454, GUID d7640629310e79646af0f46eb55ae466)
Failed to load shader (instanceID 446, GUID 3020ac7ece79a7f4eb789a236f8bd6c5)
Failed to load shader (instanceID 464, GUID 5bb6ef6f3e1b20348b4fdb01e4c404e2)
Failed to load shader (instanceID 468, GUID 3230fdc399f8287488325e5941a00527)
Failed to load shader (instanceID 460, GUID fe144c7e314047f4bb779d555c5405ac)
Failed to load shader (instanceID 436, GUID 34a819c9e33402547a81619693adc8d5)
Failed to load shader (instanceID 426, GUID f75014305794b3948a3c6d5ccd550e05)
Failed to load shader (instanceID 418, GUID 02d2da9bc88d25c4d878c1ed4e0b3854)
Failed to load shader (instanceID 450, GUID b958ad1c92bd3d64c9e61318b8681dab)
Failed to load shader (instanceID 466, GUID 0a8f4dcd626bcd14bbbfa5a5e116b16e)
Failed to load shader (instanceID 470, GUID 7cbb3655339ec401ca75ba5fe26884f4)
Failed to load shader (instanceID 442, GUID b34a29e523cb9d545881e193a079f2df)
Failed to load shader (instanceID 440, GUID 7ad194cbe7d006f4bace915156972026)
Failed to load shader (instanceID 472, GUID bedd19944f451ba4d83e7ed69be98d5c)
Failed to load shader (instanceID 428, GUID 0d8afcb51cc9f0349a6d190da929b838)
Failed to load shader (instanceID 430, GUID 2c459b89a7c8b1a4fbefe0d81341651c)
Failed to load shader (instanceID 424, GUID 0ef78d24e85a44f4da9d5b5eaa00e50b)
Failed to load shader (instanceID 422, GUID 5ab0816423f0dfe45841cab3b05ec9ef)
Failed to load shader (instanceID 414, GUID cdbdb71de5f9c454b980f6d0e87f0afb)
Failed to load shader (instanceID 416, GUID 4bf4cff0d0bac3d43894e2e8839feb40)
Failed to load shader (instanceID 434, GUID 81af42a93ade3dd46a9b583d4eec76d6)
Failed to load shader (instanceID 448, GUID a71093f2a4fe26a40805c22739e10e4a)
Failed to load shader (instanceID 412, GUID c1e1d3119c6fd4646aea0b4b74cacc1a)
Failed to load shader (instanceID 452, GUID 4117fce9491711c4094d33a048e36e73)
Failed to load shader (instanceID 462, GUID de7f3ac52268a194383c7d62c2a343c1)
Failed to load shader (instanceID 432, GUID 51bcf79c50dc92e47ba87821b61100c3)
Refreshing native plugins compatible for Editor in 19.85 ms, found 4 plugins.
Preloading 0 native plugins for Editor in 0.00 ms.
Unloading 3127 Unused Serialized files (Serialized files now loaded: 0)
Unloading 23 unused Assets / (31.1 KB). Loaded Objects now: 3645.
Memory consumption went from 140.5 MB to 140.5 MB.
Total: 4.175500 ms (FindLiveObjects: 0.283500 ms CreateObjectMapping: 0.126400 ms MarkObjects: 3.700100 ms  DeleteObjects: 0.064700 ms)

Prepare: number of updated asset objects reloaded= 0
AssetImportParameters requested are different than current active one (requested -> active):
  custom:container-demuxer-ogg: 62fdf1f143b41e24485cea50d1cbac27 -> 
  custom:video-decoder-ogg-theora: a1e56fd34408186e4bbccfd4996cb3dc -> 
  custom:framework-win-MediaFoundation: 216162199b28c13a410421893ffa2e32 -> 
  custom:CustomObjectIndexerAttribute: 756ad292c208cfabdd7b50bc23989ffe -> 
  custom:container-demuxer-webm: 4f35f7cbe854078d1ac9338744f61a02 -> 
  custom:container-muxer-webm: aa71ff27fc2769a1b78a27578f13a17b -> 
  custom:video-decoder-webm-vp8: 9c59270c3fd7afecdb556c50c9e8de78 -> 
  custom:SearchIndexIgnoredProperties: e643bd26f0fe6173181afceb89e7c659 -> 
  custom:AudioImporter_EditorPlatform: d09bf68614088b80899f8185d706f6e7 -> 
  custom:video-encoder-webm-vp8: eb34c28f22e8b96e1ab97ce403110664 -> 
  custom:audio-decoder-ogg-vorbis: bf7c407c2cedff20999df2af8eb42d56 -> 
  custom:audio-encoder-webm-vorbis: bf7c407c2cedff20999df2af8eb42d56 -> 
========================================================================
Received Prepare
Begin MonoManager ReloadAssembly
- Loaded All Assemblies, in  0.823 seconds
Refreshing native plugins compatible for Editor in 14.27 ms, found 4 plugins.
Native extension for WindowsStandalone target not found
[Package Manager] Server::EnsureServerProcessIsRunning -- launch failed, reason: Unity was launched with the -noUpm command-line argument
[Package Manager] UpmClient::Send -- Unable to send message (not connected to UPM process).
[Package Manager] Cannot connect to Unity Package Manager local server
Mono: successfully reloaded assembly
- Finished resetting the current domain, in  1.840 seconds
Domain Reload Profiling: 2645ms
	BeginReloadAssembly (226ms)
		ExecutionOrderSort (0ms)
		DisableScriptedObjects (9ms)
		BackupInstance (0ms)
		ReleaseScriptingObjects (0ms)
		CreateAndSetChildDomain (32ms)
	RebuildCommonClasses (29ms)
	RebuildNativeTypeToScriptingClass (9ms)
	initialDomainReloadingComplete (60ms)
	LoadAllAssembliesAndSetupDomain (481ms)
		LoadAssemblies (612ms)
		RebuildTransferFunctionScriptingTraits (0ms)
		AnalyzeDomain (13ms)
			TypeCache.Refresh (7ms)
				TypeCache.ScanAssembly (0ms)
			ScanForSourceGeneratedMonoScriptInfo (0ms)
			ResolveRequiredComponents (4ms)
	FinalizeReload (1840ms)
		ReleaseScriptCaches (0ms)
		RebuildScriptCaches (0ms)
		SetupLoadedEditorAssemblies (449ms)
			LogAssemblyErrors (0ms)
			InitializePlatformSupportModulesInManaged (12ms)
			SetLoadedEditorAssemblies (3ms)
			RefreshPlugins (0ms)
			BeforeProcessingInitializeOnLoad (123ms)
			ProcessInitializeOnLoadAttributes (252ms)
			ProcessInitializeOnLoadMethodAttributes (29ms)
			AfterProcessingInitializeOnLoad (30ms)
			EditorAssembliesLoaded (0ms)
		ExecutionOrderSort2 (0ms)
		AwakeInstancesAfterBackupRestoration (13ms)
Failed to load shader (instanceID 456, GUID 67f9497810829eb4791ec19e95781e51)
Failed to load shader (instanceID 458, GUID f997a3dc9254c44459323cced085150c)
Failed to load shader (instanceID 420, GUID e8ce9961912f3214586fe8709b9012c1)
Failed to load shader (instanceID 438, GUID 382151503e2a43a4ebb7366d1632731d)
Failed to load shader (instanceID 444, GUID f7ea35cfb33fcad4ab8f2429ec103bef)
Failed to load shader (instanceID 454, GUID d7640629310e79646af0f46eb55ae466)
Failed to load shader (instanceID 446, GUID 3020ac7ece79a7f4eb789a236f8bd6c5)
Failed to load shader (instanceID 464, GUID 5bb6ef6f3e1b20348b4fdb01e4c404e2)
Failed to load shader (instanceID 468, GUID 3230fdc399f8287488325e5941a00527)
Failed to load shader (instanceID 460, GUID fe144c7e314047f4bb779d555c5405ac)
Failed to load shader (instanceID 436, GUID 34a819c9e33402547a81619693adc8d5)
Failed to load shader (instanceID 426, GUID f75014305794b3948a3c6d5ccd550e05)
Failed to load shader (instanceID 418, GUID 02d2da9bc88d25c4d878c1ed4e0b3854)
Failed to load shader (instanceID 450, GUID b958ad1c92bd3d64c9e61318b8681dab)
Failed to load shader (instanceID 466, GUID 0a8f4dcd626bcd14bbbfa5a5e116b16e)
Failed to load shader (instanceID 470, GUID 7cbb3655339ec401ca75ba5fe26884f4)
Failed to load shader (instanceID 442, GUID b34a29e523cb9d545881e193a079f2df)
Failed to load shader (instanceID 440, GUID 7ad194cbe7d006f4bace915156972026)
Failed to load shader (instanceID 472, GUID bedd19944f451ba4d83e7ed69be98d5c)
Failed to load shader (instanceID 428, GUID 0d8afcb51cc9f0349a6d190da929b838)
Failed to load shader (instanceID 430, GUID 2c459b89a7c8b1a4fbefe0d81341651c)
Failed to load shader (instanceID 424, GUID 0ef78d24e85a44f4da9d5b5eaa00e50b)
Failed to load shader (instanceID 422, GUID 5ab0816423f0dfe45841cab3b05ec9ef)
Failed to load shader (instanceID 414, GUID cdbdb71de5f9c454b980f6d0e87f0afb)
Failed to load shader (instanceID 416, GUID 4bf4cff0d0bac3d43894e2e8839feb40)
Failed to load shader (instanceID 434, GUID 81af42a93ade3dd46a9b583d4eec76d6)
Failed to load shader (instanceID 448, GUID a71093f2a4fe26a40805c22739e10e4a)
Failed to load shader (instanceID 412, GUID c1e1d3119c6fd4646aea0b4b74cacc1a)
Failed to load shader (instanceID 452, GUID 4117fce9491711c4094d33a048e36e73)
Failed to load shader (instanceID 462, GUID de7f3ac52268a194383c7d62c2a343c1)
Failed to load shader (instanceID 432, GUID 51bcf79c50dc92e47ba87821b61100c3)
Refreshing native plugins compatible for Editor in 17.69 ms, found 4 plugins.
Preloading 0 native plugins for Editor in 0.00 ms.
Unloading 3127 Unused Serialized files (Serialized files now loaded: 0)
Unloading 23 unused Assets / (31.1 KB). Loaded Objects now: 3649.
Memory consumption went from 142.5 MB to 142.4 MB.
Total: 3.568300 ms (FindLiveObjects: 0.197500 ms CreateObjectMapping: 0.094200 ms MarkObjects: 3.228800 ms  DeleteObjects: 0.047100 ms)

Prepare: number of updated asset objects reloaded= 0
AssetImportParameters requested are different than current active one (requested -> active):
  custom:container-demuxer-ogg: 62fdf1f143b41e24485cea50d1cbac27 -> 
  custom:video-decoder-ogg-theora: a1e56fd34408186e4bbccfd4996cb3dc -> 
  custom:framework-win-MediaFoundation: 216162199b28c13a410421893ffa2e32 -> 
  custom:CustomObjectIndexerAttribute: 756ad292c208cfabdd7b50bc23989ffe -> 
  custom:container-demuxer-webm: 4f35f7cbe854078d1ac9338744f61a02 -> 
  custom:container-muxer-webm: aa71ff27fc2769a1b78a27578f13a17b -> 
  custom:video-decoder-webm-vp8: 9c59270c3fd7afecdb556c50c9e8de78 -> 
  custom:SearchIndexIgnoredProperties: e643bd26f0fe6173181afceb89e7c659 -> 
  custom:AudioImporter_EditorPlatform: d09bf68614088b80899f8185d706f6e7 -> 
  custom:video-encoder-webm-vp8: eb34c28f22e8b96e1ab97ce403110664 -> 
  custom:audio-decoder-ogg-vorbis: bf7c407c2cedff20999df2af8eb42d56 -> 
  custom:audio-encoder-webm-vorbis: bf7c407c2cedff20999df2af8eb42d56 -> 
